<?xml version="1.0" encoding="UTF-8"?>
<!-- Generated by org.testng.reporters.JUnitReportReporter -->
<testsuite hostname="LAPTOP-CT4ADT5C" failures="0" tests="1" name="Appium.FrameWork.E2E_eCommerce_TC" time="46.254" errors="0" timestamp="2024-09-28T19:03:42 IST" skipped="0">
  <testcase classname="Appium.FrameWork.E2E_eCommerce_TC" name="fillFormDetails" time="46.254"/>
</testsuite> <!-- Appium.FrameWork.E2E_eCommerce_TC -->
